Arguments: 
  C:\Program Files\nodejs\node.exe C:\Users\reube\AppData\Roaming\npm\node_modules\yarn\bin\yarn.js add expressxpress-graphql

PATH: 
  C:\Program Files\Git\mingw64\bin;C:\Program Files\Git\usr\bin;C:\Users\reube\bin;C:\WINDOWS\system32;C:\WINDOWS;C:\WINDOWS\System32\Wbem;C:\WINDOWS\System32\WindowsPowerShell\v1.0;C:\Program Files (x86)\Windows Kits\8.1\Windows Performance Toolkit;C:\Program Files\Microsoft SQL Server\120\Tools\Binn;C:\Program Files\Microsoft SQL Server\130\Tools\Binn;C:\Program Files (x86)\Microsoft Emulator Manager\1.0;C:\Program Files\Microsoft SQL Server\Client SDK\ODBC\130\Tools\Binn;C:\Program Files (x86)\Microsoft SQL Server\130\Tools\Binn;C:\Program Files\Microsoft SQL Server\130\DTS\Binn;C:\Program Files (x86)\Microsoft SQL Server\Client SDK\ODBC\130\Tools\Binn;C:\Program Files (x86)\Microsoft SQL Server\130\DTS\Binn;C:\Program Files (x86)\Microsoft SQL Server\130\Tools\Binn\ManagementStudio;C:\Program Files (x86)\Microsoft SQL Server\110\Tools\Binn;C:\Program Files\Microsoft SQL Server\110\Tools\Binn;C:\Program Files\Microsoft SQL Server\110\DTS\Binn;C:\Program Files\dotnet;C:\Program Files\Microsoft DNX\Dnvm;C:\Program Files\Microsoft\Web Platform Installer;C:\Program Files (x86)\Microsoft SQL Server\110\DTS\Binn;C:\Program Files (x86)\Microsoft SQL Server\120\DTS\Binn;C:\Program Files\MongoDB\Server\3.2\bin;C:\Program Files\Git\cmd;C:\Program Files\nodejs;C:\Users\reube\AppData\Local\Microsoft\WindowsApps;C:\Program Files (x86)\Microsoft VS Code\bin;C:\Program Files\MongoDB\Server\3.2\bin;C:\Users\reube\AppData\Roaming\npm

Yarn version: 
  0.16.0

Node version: 
  6.9.1

Platform: 
  win32 x64

npm manifest: 
  {
    "name": "graphql-project",
    "version": "1.0.0",
    "description": "",
    "main": "index.js",
    "scripts": {
      "test": "echo \"Error: no test specified\" && exit 1"
    },
    "author": "",
    "license": "ISC",
    "dependencies": {
      "graphql": "^0.8.2",
      "mongodb": "^2.2.19"
    }
  }

yarn manifest: 
  No manifest

bower manifest: 
  No manifest

Lockfile: 
  # THIS IS AN AUTOGENERATED FILE. DO NOT EDIT THIS FILE DIRECTLY.
  # yarn lockfile v1
  bson@~1.0.3:
    version "1.0.3"
    resolved "http://feeds.clarksons.com/npm/clknpm/bson/-/bson-1.0.3.tgz#a3b66f724b1673067efc32249e1151205d3ba854"
  
  buffer-shims@^1.0.0:
    version "1.0.0"
    resolved "http://feeds.clarksons.com/npm/clknpm/buffer-shims/-/buffer-shims-1.0.0.tgz#9978ce317388c649ad8793028c3477ef044a8b51"
  
  core-util-is@~1.0.0:
    version "1.0.2"
    resolved "http://feeds.clarksons.com/npm/clknpm/core-util-is/-/core-util-is-1.0.2.tgz#b5fd54220aa2bc5ab57aab7140c940754503c1a7"
  
  es6-promise@3.2.1:
    version "3.2.1"
    resolved "http://feeds.clarksons.com/npm/clknpm/es6-promise/-/es6-promise-3.2.1.tgz#ec56233868032909207170c39448e24449dd1fc4"
  
  graphql:
    version "0.8.2"
    resolved "http://feeds.clarksons.com/npm/clknpm/graphql/-/graphql-0.8.2.tgz#eb1bb524b38104bbf2c9157f9abc67db2feba7d2"
    dependencies:
      iterall "1.0.2"
  
  inherits@~2.0.1:
    version "2.0.3"
    resolved "http://feeds.clarksons.com/npm/clknpm/inherits/-/inherits-2.0.3.tgz#633c2c83e3da42a502f52466022480f4208261de"
  
  isarray@~1.0.0:
    version "1.0.0"
    resolved "http://feeds.clarksons.com/npm/clknpm/isarray/-/isarray-1.0.0.tgz#bb935d48582cba168c06834957a54a3e07124f11"
  
  iterall@1.0.2:
    version "1.0.2"
    resolved "http://feeds.clarksons.com/npm/clknpm/iterall/-/iterall-1.0.2.tgz#41a2e96ce9eda5e61c767ee5dc312373bb046e91"
  
  mongodb:
    version "2.2.19"
    resolved "http://feeds.clarksons.com/npm/clknpm/mongodb/-/mongodb-2.2.19.tgz#9d84745f9369ff301df5a1790cf485375f1df7d7"
    dependencies:
      es6-promise "3.2.1"
      mongodb-core "2.1.4"
      readable-stream "2.1.5"
  
  mongodb-core@2.1.4:
    version "2.1.4"
    resolved "http://feeds.clarksons.com/npm/clknpm/mongodb-core/-/mongodb-core-2.1.4.tgz#97f84cb126606c72585e66066ea3a05e9c20dc9b"
    dependencies:
      bson "~1.0.3"
      require_optional "~1.0.0"
  
  process-nextick-args@~1.0.6:
    version "1.0.7"
    resolved "http://feeds.clarksons.com/npm/clknpm/process-nextick-args/-/process-nextick-args-1.0.7.tgz#150e20b756590ad3f91093f25a4f2ad8bff30ba3"
  
  readable-stream@2.1.5:
    version "2.1.5"
    resolved "http://feeds.clarksons.com/npm/clknpm/readable-stream/-/readable-stream-2.1.5.tgz#66fa8b720e1438b364681f2ad1a63c618448c9d0"
    dependencies:
      buffer-shims "^1.0.0"
      core-util-is "~1.0.0"
      inherits "~2.0.1"
      isarray "~1.0.0"
      process-nextick-args "~1.0.6"
      string_decoder "~0.10.x"
      util-deprecate "~1.0.1"
  
  require_optional@~1.0.0:
    version "1.0.0"
    resolved "http://feeds.clarksons.com/npm/clknpm/require_optional/-/require_optional-1.0.0.tgz#52a86137a849728eb60a55533617f8f914f59abf"
    dependencies:
      resolve-from "^2.0.0"
      semver "^5.1.0"
  
  resolve-from@^2.0.0:
    version "2.0.0"
    resolved "http://feeds.clarksons.com/npm/clknpm/resolve-from/-/resolve-from-2.0.0.tgz#9480ab20e94ffa1d9e80a804c7ea147611966b57"
  
  semver@^5.1.0:
    version "5.3.0"
    resolved "http://feeds.clarksons.com/npm/clknpm/semver/-/semver-5.3.0.tgz#9b2ce5d3de02d17c6012ad326aa6b4d0cf54f94f"
  
  string_decoder@~0.10.x:
    version "0.10.31"
    resolved "http://feeds.clarksons.com/npm/clknpm/string_decoder/-/string_decoder-0.10.31.tgz#62e203bc41766c6c28c9fc84301dab1c5310fa94"
  
  util-deprecate@~1.0.1:
    version "1.0.2"
    resolved "http://feeds.clarksons.com/npm/clknpm/util-deprecate/-/util-deprecate-1.0.2.tgz#450d4dc9fa70de732762fbd2d4a28981419a0ccf"

Trace: 
  Error: http://feeds.clarksons.com/npm/clknpm/expressxpress-graphql: Package not found.
      at Request.params.callback [as _callback] (C:\Users\reube\AppData\Roaming\npm\node_modules\yarn\lib\util\request-manager.js:294:18)
      at Request.self.callback (C:\Users\reube\AppData\Roaming\npm\node_modules\yarn\node_modules\request\request.js:187:22)
      at emitTwo (events.js:106:13)
      at Request.emit (events.js:191:7)
      at Request.<anonymous> (C:\Users\reube\AppData\Roaming\npm\node_modules\yarn\node_modules\request\request.js:1048:10)
      at emitOne (events.js:96:13)
      at Request.emit (events.js:188:7)
      at IncomingMessage.<anonymous> (C:\Users\reube\AppData\Roaming\npm\node_modules\yarn\node_modules\request\request.js:969:12)
      at emitNone (events.js:91:20)
      at IncomingMessage.emit (events.js:185:7)
